<?xml version="1.0" encoding="UTF-8"?>
<testsuite xmlns:xsi="http://www.w3.org/2001/XMLSchema-instance" xsi:noNamespaceSchemaLocation="https://maven.apache.org/surefire/maven-surefire-plugin/xsd/surefire-test-report.xsd" name="com.softserveinc.edu.oms.persistence.dao.OrderItemDaoTest" time="0.926" tests="7" errors="0" skipped="0" failures="0">
  <properties>
[...]
</properties>
  <testcase name="testFindAll" classname="com.softserveinc.edu.oms.persistence.dao.OrderItemDaoTest" time="0.241"/>
  <testcase name="testFindAllWithSorting" classname="com.softserveinc.edu.oms.persistence.dao.OrderItemDaoTest" time="0.185"/>
  <testcase name="testRowCountWithCriterions" classname="com.softserveinc.edu.oms.persistence.dao.OrderItemDaoTest" time="0.213"/>
  <testcase name="testPaging" classname="com.softserveinc.edu.oms.persistence.dao.OrderItemDaoTest" time="0.075"/>
  <testcase name="testFindByOrder" classname="com.softserveinc.edu.oms.persistence.dao.OrderItemDaoTest" time="0.077"/>
  <testcase name="testFindById" classname="com.softserveinc.edu.oms.persistence.dao.OrderItemDaoTest" time="0.065"/>
  <testcase name="testContextFile" classname="com.softserveinc.edu.oms.persistence.dao.OrderItemDaoTest" time="0.066"/>
</testsuite>